[42168:21860:0918/203240.807:WARNING:chrome_main_delegate.cc(742)] This is Chrome version 128.0.6613.138 (not a warning)
[42168:21860:0918/203240.851:INFO:chrome_browser_cloud_management_controller.cc(196)] No machine level policy manager exists.
[42168:21860:0918/203240.876:WARNING:chrome_browser_main_win.cc(729)] Command line too long for RegisterApplicationRestart:  --allow-pre-commit-input --app=data:, --disable-3d-apis --disable-background-networking --disable-backgrounding-occluded-windows --disable-blink-features=AutomationControlled,BlockCredentialedSubresources --disable-bundled-ppapi-flash --disable-client-side-phishing-detection --disable-default-apps --disable-dev-shm-usage --disable-gpu --disable-hang-monitor --disable-infobars --disable-notifications --disable-popup-blocking --disable-prompt-on-repost --disable-rtc-smoothness-algorithm --disable-sync --disable-web-security --disable-webgl --disable-webrtc-hw-decoding --disable-webrtc-hw-encoding --disable-webrtc-hw-vp8-encoding --disable-webrtc-multiple-routes --enable-blink-features=ShadowDOMV0 --enable-logging --enforce-webrtc-ip-permission-check --force-webrtc-ip-handling-policy --ignore-certificate-errors --lang=en_US --log-level=0 --mute-audio --no-default-browser-check --no-first-run --no-sandbox --no-service-autorun --password-store=basic --remote-debugging-port=0 --test-type=webdriver --use-mock-keychain --user-data-dir="E:\MaxCare v24.07.24 FULL\MaxCare\profiles\61555332316450" --window-position=1526,0 --window-size=399,530 --restore-last-session --restart
[42168:21860:0918/203242.969:INFO:CONSOLE(0)] "[DOM] Input elements should have autocomplete attributes (suggested: "current-password"): (More info: https://goo.gl/9p2vKq) %o", source: https://www.facebook.com/ (0)
[42168:21860:0918/203243.047:INFO:CONSOLE(0)] "
%cStop! font-family:helvetica; font-size:20px; font-size:50px; font-weight:bold; color:red; -webkit-text-stroke:1px black;", source:  (0)
[42168:21860:0918/203243.047:INFO:CONSOLE(0)] "
%cThis is a browser feature intended for developers. If someone told you to copy and paste something here to enable a Facebook feature or "hack" someone's account, it is a scam and will give them access to your Facebook account. font-family:helvetica; font-size:20px; ", source:  (0)
[42168:21860:0918/203243.047:INFO:CONSOLE(0)] "
%cSee https://www.facebook.com/selfxss for more information. font-family:helvetica; font-size:20px; ", source:  (0)
[42168:21860:0918/203243.047:INFO:CONSOLE(0)] "
%c ", source:  (0)
[42168:21860:0918/203253.154:WARNING:controller_impl.cc(1192)] Background download complete, client: 6, completion type: 0, file size:5156
[42168:21860:0918/203253.329:WARNING:download_manager_impl.cc(701)] A download with the same GUID already exists, the new request is ignored.
[42168:21860:0918/203254.460:WARNING:controller_impl.cc(1192)] Background download complete, client: 6, completion type: 0, file size:265059
[42168:21860:0918/203255.142:WARNING:controller_impl.cc(1192)] Background download complete, client: 6, completion type: 0, file size:883094
[42168:21860:0918/203255.568:ERROR:interface_endpoint_client.cc(722)] Message 5 rejected by interface blink.mojom.WidgetHost
[42168:21860:0918/203255.639:WARNING:controller_impl.cc(1192)] Background download complete, client: 6, completion type: 0, file size:45159
[42168:21860:0918/203255.822:INFO:CONSOLE(240)] "
%cDừng lại! font-family:helvetica; font-size:20px; font-size:50px; font-weight:bold; color:red; -webkit-text-stroke:1px black;", source: https://static.xx.fbcdn.net/rsrc.php/v3/y1/r/BGsPbebOkB8.js?_nc_x=Ij3Wp8lg5Kz (240)
[42168:21860:0918/203255.822:INFO:CONSOLE(240)] "
%cĐây là một tính năng của trình duyệt dành cho các nhà phát triển. Nếu ai đó bảo bạn sao chép-dán nội dung nào đó vào đây để bật một tính năng của Facebook hoặc "hack" tài khoản của người khác, thì đó là hành vi lừa đảo và sẽ khiến họ có thể truy cập vào tài khoản Facebook của bạn. font-family:helvetica; font-size:20px; ", source: https://static.xx.fbcdn.net/rsrc.php/v3/y1/r/BGsPbebOkB8.js?_nc_x=Ij3Wp8lg5Kz (240)
[42168:21860:0918/203255.822:INFO:CONSOLE(240)] "
%cXem https://www.facebook.com/selfxss để biết thêm thông tin. font-family:helvetica; font-size:20px; ", source: https://static.xx.fbcdn.net/rsrc.php/v3/y1/r/BGsPbebOkB8.js?_nc_x=Ij3Wp8lg5Kz (240)
[42168:21860:0918/203255.822:INFO:CONSOLE(240)] "
%c ", source: https://static.xx.fbcdn.net/rsrc.php/v3/y1/r/BGsPbebOkB8.js?_nc_x=Ij3Wp8lg5Kz (240)
[42168:21860:0918/203257.686:WARNING:controller_impl.cc(1192)] Background download complete, client: 6, completion type: 0, file size:2200227
[42168:21860:0918/203259.737:WARNING:controller_impl.cc(1192)] Background download complete, client: 6, completion type: 0, file size:2747170
[42168:21860:0918/203300.125:INFO:CONSOLE(70)] "ErrorUtils caught an error:

Routing payload expected for /two_factor/remember_browser/?encrypted_context=AWNj3aGQoy0efF9jQ452Svkba-iaSRRSf_9nuTWp91wQsdQ84hnI1Ha_IAM6lgQOhURZuOhywdFn65g9E8OX4O-sQF0T_af-YhivUxsQz48O06qJHy8DCGp6unxTSg4DQjwUnTQLzJFczcfA_FHJZtWpOT5UzDlpjR7aubtrfEI3JwloBH850qTLT6ZxDNamrSgRKGENAmmUYeSkQu4-22iIVvTpnCB5eEBQvBJXz7Uh8UqfMcl7insQdRL3iOGIxoAMleTPanVSVgo6j2q-C9ZdZyhC0xkVVkwKMTDGPHPdJmeKB4kDklgJGnSza9GHeS138ra5cuTm1EQGjIWely6CTtGKoiAb6vxLkKfQw9OQhXz30NrNlOA40Dhiax29r6poqRFQxupWclU&next=, but got {"__ar":1,"payload":{},"jsmods":{"define":[["cr:1078",[],{"__rc":[null,null]},-1],["cr:1080",["unexpectedUseInComet"],{"__rc":["unexpectedUseInComet",null]},-1]],"require":[["ServerRedirect@9c4e87e39095bd2bc44e889c31dc24ef","redirectPageTo",[],["/checkpoint/828281030927956/",true,false]]]},"hsrp":{"hsdp":{"gkxData":{"20935":{"result":false,"hash":null}}},"hblp":{"consistency":{"rev":1016588912},"rsrcMap":{"t7xrPsj":{"type":"js","src":"https://static.xx.fbcdn.net/rsrc.php/v3/yc/r/XD-dZvV8vMK.js?_nc_x=0UbcooKG3jb","c":1,"p":":280"},"csr:_4_0_X0":{"type":"csr","src":":1","c":1}}}},"allResources":["t7xrPsj","csr:_4_0_X0"],"lid":"7415975633915158590"}

Subsequent non-fatal errors won't be logged; see https://fburl.com/debugjs.", source: https://static.xx.fbcdn.net/rsrc.php/v3/y1/r/BGsPbebOkB8.js?_nc_x=Ij3Wp8lg5Kz (70)
[42168:21860:0918/203300.548:WARNING:controller_impl.cc(1192)] Background download complete, client: 6, completion type: 0, file size:3844
[42168:21860:0918/203301.145:INFO:CONSOLE(363)] "
%cDừng lại! font-family:helvetica; font-size:20px; font-size:50px; font-weight:bold; color:red; -webkit-text-stroke:1px black;", source: https://static.xx.fbcdn.net/rsrc.php/v3/yc/r/pks-9ti8CIQ.js?_nc_x=0UbcooKG3jb (363)
[42168:21860:0918/203301.145:INFO:CONSOLE(363)] "
%cĐây là một tính năng của trình duyệt dành cho các nhà phát triển. Nếu ai đó bảo bạn sao chép-dán nội dung nào đó vào đây để bật một tính năng của Facebook hoặc "hack" tài khoản của người khác, thì đó là hành vi lừa đảo và sẽ khiến họ có thể truy cập vào tài khoản Facebook của bạn. font-family:helvetica; font-size:20px; ", source: https://static.xx.fbcdn.net/rsrc.php/v3/yc/r/pks-9ti8CIQ.js?_nc_x=0UbcooKG3jb (363)
[42168:21860:0918/203301.145:INFO:CONSOLE(363)] "
%cXem https://www.facebook.com/selfxss để biết thêm thông tin. font-family:helvetica; font-size:20px; ", source: https://static.xx.fbcdn.net/rsrc.php/v3/yc/r/pks-9ti8CIQ.js?_nc_x=0UbcooKG3jb (363)
[42168:21860:0918/203301.145:INFO:CONSOLE(363)] "
%c ", source: https://static.xx.fbcdn.net/rsrc.php/v3/yc/r/pks-9ti8CIQ.js?_nc_x=0UbcooKG3jb (363)
[42168:21860:0918/203301.376:INFO:CONSOLE(1)] "The page did not request an origin-keyed agent cluster, but was put in one anyway because the origin 'https://www.facebook.com' had previously been placed in an origin-keyed agent cluster. Update your headers to uniformly request origin-keying for all pages on the origin.", source: https://www.facebook.com/common/referer_frame.php?no_lower=false&cb=1 (1)
[42168:21860:0918/203301.384:INFO:CONSOLE(0)] "The page did not request an origin-keyed agent cluster, but was put in one anyway because the origin 'https://www.facebook.com' had previously been placed in an origin-keyed agent cluster. Update your headers to uniformly request origin-keying for all pages on the origin.", source: https://www.facebook.com/common/referer_frame.php?no_lower=false&cb=1 (0)
[42168:21860:0918/203301.387:INFO:CONSOLE(0)] "The page did not request an origin-keyed agent cluster, but was put in one anyway because the origin 'https://www.facebook.com' had previously been placed in an origin-keyed agent cluster. Update your headers to uniformly request origin-keying for all pages on the origin.", source: https://www.facebook.com/common/referer_frame.php?no_lower=false&cb=1 (0)
[42168:21860:0918/203301.389:INFO:CONSOLE(1)] "The page did not request an origin-keyed agent cluster, but was put in one anyway because the origin 'https://www.facebook.com' had previously been placed in an origin-keyed agent cluster. Update your headers to uniformly request origin-keying for all pages on the origin.", source: https://www.facebook.com/common/referer_frame.php?no_lower=false&cb=1 (1)
[42168:21860:0918/203301.391:INFO:CONSOLE(1)] "The page did not request an origin-keyed agent cluster, but was put in one anyway because the origin 'https://www.facebook.com' had previously been placed in an origin-keyed agent cluster. Update your headers to uniformly request origin-keying for all pages on the origin.", source: https://www.facebook.com/common/referer_frame.php?no_lower=false&cb=1 (1)
[42168:21860:0918/203301.590:INFO:CONSOLE(114)] "WebSocket is already in CLOSING or CLOSED state.", source: https://static.xx.fbcdn.net/rsrc.php/v3/yK/r/MSjPQLCH91V.js?_nc_x=0UbcooKG3jb (114)
[42168:21860:0918/203301.590:INFO:CONSOLE(114)] "WebSocket is already in CLOSING or CLOSED state.", source: https://static.xx.fbcdn.net/rsrc.php/v3/yK/r/MSjPQLCH91V.js?_nc_x=0UbcooKG3jb (114)
[42168:21860:0918/203301.631:INFO:CONSOLE(1)] "The page did not request an origin-keyed agent cluster, but was put in one anyway because the origin 'https://www.facebook.com' had previously been placed in an origin-keyed agent cluster. Update your headers to uniformly request origin-keying for all pages on the origin.", source: https://www.facebook.com/sem_campaigns/sem_pixel_test/?category=14&src=https%3A%2F%2Fgoogleads.g.doubleclick.net%2Fpagead%2Fviewthroughconversion%2F1032622309%2F%3Fvalue%3D1.00%26currency_code%3DUSD%26label%3DapaOCKja4qcBEOWhsuwD%26guid%3DON%26script%3D0&subcategory=aishvar_PH_1_of_3&ext=1726925580&hash=AeRYsC46hEuv3yJQJJ4 (1)
[42168:21860:0918/203301.645:INFO:CONSOLE(1)] "The page did not request an origin-keyed agent cluster, but was put in one anyway because the origin 'https://www.facebook.com' had previously been placed in an origin-keyed agent cluster. Update your headers to uniformly request origin-keying for all pages on the origin.", source: https://www.facebook.com/sem_campaigns/sem_pixel_test/?category=31&src=https%3A%2F%2Fgoogleads.g.doubleclick.net%2Fpagead%2Fviewthroughconversion%2F1032622309%2F%3Fvalue%3D1.00%26currency_code%3DUSD%26label%3Dl67ACNeVscEZEOWhsuwD%26guid%3DON%26script%3D0&subcategory=1d_refresh_rate_of_all_active_web%3A0&ext=1726925580&hash=AeQ2RyCU_EN83DvHDA8 (1)
[42168:21860:0918/203302.142:WARNING:controller_impl.cc(1192)] Background download complete, client: 6, completion type: 0, file size:7794
[42168:21860:0918/203302.370:WARNING:controller_impl.cc(1192)] Background download complete, client: 6, completion type: 0, file size:4680
[42168:21860:0918/203302.461:INFO:CONSOLE(240)] "
%cDừng lại! font-family:helvetica; font-size:20px; font-size:50px; font-weight:bold; color:red; -webkit-text-stroke:1px black;", source: https://static.xx.fbcdn.net/rsrc.php/v3/y1/r/BGsPbebOkB8.js?_nc_x=0UbcooKG3jb (240)
[42168:21860:0918/203302.461:INFO:CONSOLE(240)] "
%cĐây là một tính năng của trình duyệt dành cho các nhà phát triển. Nếu ai đó bảo bạn sao chép-dán nội dung nào đó vào đây để bật một tính năng của Facebook hoặc "hack" tài khoản của người khác, thì đó là hành vi lừa đảo và sẽ khiến họ có thể truy cập vào tài khoản Facebook của bạn. font-family:helvetica; font-size:20px; ", source: https://static.xx.fbcdn.net/rsrc.php/v3/y1/r/BGsPbebOkB8.js?_nc_x=0UbcooKG3jb (240)
[42168:21860:0918/203302.461:INFO:CONSOLE(240)] "
%cXem https://www.facebook.com/selfxss để biết thêm thông tin. font-family:helvetica; font-size:20px; ", source: https://static.xx.fbcdn.net/rsrc.php/v3/y1/r/BGsPbebOkB8.js?_nc_x=0UbcooKG3jb (240)
[42168:21860:0918/203302.461:INFO:CONSOLE(240)] "
%c ", source: https://static.xx.fbcdn.net/rsrc.php/v3/y1/r/BGsPbebOkB8.js?_nc_x=0UbcooKG3jb (240)
[42168:21860:0918/203304.338:WARNING:controller_impl.cc(1192)] Background download complete, client: 6, completion type: 0, file size:1463571
[24480:20208:0918/203306.349:INFO:document_style_environment_variables.cc(78)] E2E_Used SafeAreaInsetBottom
[24480:20208:0918/203306.371:INFO:document_style_environment_variables.cc(78)] E2E_Used SafeAreaInsetBottom
[42168:21860:0918/203306.653:INFO:CONSOLE(69)] "ErrorUtils caught an error:

Cannot read properties of undefined (reading 'count')

Subsequent non-fatal errors won't be logged; see https://fburl.com/debugjs.", source: https://static.xx.fbcdn.net/rsrc.php/v3/yA/r/ahqLcQHDLwn.js?_nc_x=0UbcooKG3jb (69)
[42168:21860:0918/203306.820:INFO:CONSOLE(82)] "WebSocket is already in CLOSING or CLOSED state.", source: https://static.xx.fbcdn.net/rsrc.php/v3/yw/r/jsnBg-Sbf49.js?_nc_x=0UbcooKG3jb (82)
[42168:21860:0918/203308.186:INFO:CONSOLE(240)] "
%cStop! font-family:helvetica; font-size:20px; font-size:50px; font-weight:bold; color:red; -webkit-text-stroke:1px black;", source: https://static.xx.fbcdn.net/rsrc.php/v3/y1/r/BGsPbebOkB8.js?_nc_x=0UbcooKG3jb (240)
[42168:21860:0918/203308.186:INFO:CONSOLE(240)] "
%cThis is a browser feature intended for developers. If someone told you to copy-paste something here to enable a Facebook feature or "hack" someone's account, it is a scam and will give them access to your Facebook account. font-family:helvetica; font-size:20px; ", source: https://static.xx.fbcdn.net/rsrc.php/v3/y1/r/BGsPbebOkB8.js?_nc_x=0UbcooKG3jb (240)
[42168:21860:0918/203308.186:INFO:CONSOLE(240)] "
%cSee https://www.facebook.com/selfxss for more information. font-family:helvetica; font-size:20px; ", source: https://static.xx.fbcdn.net/rsrc.php/v3/y1/r/BGsPbebOkB8.js?_nc_x=0UbcooKG3jb (240)
[42168:21860:0918/203308.186:INFO:CONSOLE(240)] "
%c ", source: https://static.xx.fbcdn.net/rsrc.php/v3/y1/r/BGsPbebOkB8.js?_nc_x=0UbcooKG3jb (240)
[42168:21860:0918/203309.583:INFO:CONSOLE(240)] "
%cStop! font-family:helvetica; font-size:20px; font-size:50px; font-weight:bold; color:red; -webkit-text-stroke:1px black;", source: https://static.xx.fbcdn.net/rsrc.php/v3/y1/r/BGsPbebOkB8.js?_nc_x=0UbcooKG3jb (240)
[42168:21860:0918/203309.583:INFO:CONSOLE(240)] "
%cThis is a browser feature intended for developers. If someone told you to copy-paste something here to enable a Facebook feature or "hack" someone's account, it is a scam and will give them access to your Facebook account. font-family:helvetica; font-size:20px; ", source: https://static.xx.fbcdn.net/rsrc.php/v3/y1/r/BGsPbebOkB8.js?_nc_x=0UbcooKG3jb (240)
[42168:21860:0918/203309.584:INFO:CONSOLE(240)] "
%cSee https://www.facebook.com/selfxss for more information. font-family:helvetica; font-size:20px; ", source: https://static.xx.fbcdn.net/rsrc.php/v3/y1/r/BGsPbebOkB8.js?_nc_x=0UbcooKG3jb (240)
[42168:21860:0918/203309.584:INFO:CONSOLE(240)] "
%c ", source: https://static.xx.fbcdn.net/rsrc.php/v3/y1/r/BGsPbebOkB8.js?_nc_x=0UbcooKG3jb (240)
[42168:21860:0918/203310.809:WARNING:controller_impl.cc(1192)] Background download complete, client: 6, completion type: 0, file size:68665978
[33392:28268:0918/203313.575:WARNING:sqlite_persistent_store_backend_base.cc(198)] Failed to post task from FlushAndNotifyInBackground@net\extras\sqlite\sqlite_persistent_store_backend_base.cc:248 to client_task_runner_.
[33392:28268:0918/203313.575:WARNING:sqlite_persistent_store_backend_base.cc(198)] Failed to post task from FlushAndNotifyInBackground@net\extras\sqlite\sqlite_persistent_store_backend_base.cc:248 to client_task_runner_.
[42168:21860:0918/203313.586:WARNING:pref_notifier_impl.cc(41)] Pref observer for media_router.cast_allow_all_ips found at shutdown.
